<?xml version="1.0" encoding="UTF-8"?><testsuite failures="0" name="cucumber.runtime.formatter.JUnitFormatter" skipped="0" tests="1" time="15.72022">
<testcase classname="LogIn Feature" name="Login with Invalid credential and warning alert appear" time="15.72022">
<system-out><![CDATA[Given User enter from home page.............................................passed
When user eneter username and password and then sign in button..............passed
Then Wrong password alert display...........................................passed
]]></system-out>
</testcase>
</testsuite>
